<?xml version="1.0" encoding="UTF-8"?>
<!-- Generated by org.testng.reporters.JUnitReportReporter -->
<testsuite hostname="RU1202197827" name="com.example.tests.ContactModificationTests" tests="3" failures="0" timestamp="10 Jul 2015 09:09:59 GMT" time="75.624" errors="0">
  <testcase name="modifySomeContact" time="25.115" classname="com.example.tests.ContactModificationTests"/>
  <testcase name="modifySomeContact" time="25.381" classname="com.example.tests.ContactModificationTests"/>
  <testcase name="modifySomeContact" time="25.128" classname="com.example.tests.ContactModificationTests"/>
</testsuite> <!-- com.example.tests.ContactModificationTests -->
